{"/mnt/c/Users/nilton.sousa/Desktop/protestWeb/src/controllers/protest/index.js": {"path":"/mnt/c/Users/nilton.sousa/Desktop/protestWeb/src/controllers/protest/index.js","statementMap":{"0":{"start":{"line":1,"column":23},"end":{"line":1,"column":38}},"1":{"start":{"line":2,"column":20},"end":{"line":2,"column":22}},"2":{"start":{"line":4,"column":15},"end":{"line":20,"column":1}},"3":{"start":{"line":6,"column":21},"end":{"line":12,"column":3}},"4":{"start":{"line":14,"column":2},"end":{"line":19,"column":3}},"5":{"start":{"line":15,"column":4},"end":{"line":15,"column":37}},"6":{"start":{"line":16,"column":4},"end":{"line":16,"column":78}},"7":{"start":{"line":18,"column":4},"end":{"line":18,"column":82}},"8":{"start":{"line":22,"column":13},"end":{"line":33,"column":1}},"9":{"start":{"line":23,"column":18},"end":{"line":25,"column":4}},"10":{"start":{"line":24,"column":4},"end":{"line":24,"column":26}},"11":{"start":{"line":27,"column":2},"end":{"line":32,"column":3}},"12":{"start":{"line":28,"column":4},"end":{"line":28,"column":70}},"13":{"start":{"line":29,"column":4},"end":{"line":29,"column":70}},"14":{"start":{"line":31,"column":4},"end":{"line":31,"column":57}},"15":{"start":{"line":35,"column":16},"end":{"line":47,"column":1}},"16":{"start":{"line":37,"column":18},"end":{"line":39,"column":4}},"17":{"start":{"line":38,"column":4},"end":{"line":38,"column":26}},"18":{"start":{"line":41,"column":2},"end":{"line":46,"column":3}},"19":{"start":{"line":42,"column":4},"end":{"line":42,"column":76}},"20":{"start":{"line":43,"column":4},"end":{"line":43,"column":70}},"21":{"start":{"line":45,"column":4},"end":{"line":45,"column":57}},"22":{"start":{"line":49,"column":15},"end":{"line":62,"column":1}},"23":{"start":{"line":51,"column":18},"end":{"line":53,"column":4}},"24":{"start":{"line":52,"column":4},"end":{"line":52,"column":26}},"25":{"start":{"line":55,"column":2},"end":{"line":55,"column":37}},"26":{"start":{"line":57,"column":2},"end":{"line":61,"column":3}},"27":{"start":{"line":58,"column":4},"end":{"line":58,"column":70}},"28":{"start":{"line":60,"column":4},"end":{"line":60,"column":57}},"29":{"start":{"line":64,"column":12},"end":{"line":70,"column":1}},"30":{"start":{"line":65,"column":2},"end":{"line":69,"column":3}},"31":{"start":{"line":66,"column":4},"end":{"line":66,"column":70}},"32":{"start":{"line":68,"column":4},"end":{"line":68,"column":57}},"33":{"start":{"line":72,"column":13},"end":{"line":84,"column":1}},"34":{"start":{"line":74,"column":18},"end":{"line":76,"column":4}},"35":{"start":{"line":75,"column":4},"end":{"line":75,"column":26}},"36":{"start":{"line":78,"column":2},"end":{"line":82,"column":3}},"37":{"start":{"line":79,"column":4},"end":{"line":79,"column":81}},"38":{"start":{"line":81,"column":4},"end":{"line":81,"column":57}},"39":{"start":{"line":86,"column":18},"end":{"line":89,"column":1}},"40":{"start":{"line":87,"column":2},"end":{"line":88,"column":23}},"41":{"start":{"line":88,"column":4},"end":{"line":88,"column":23}},"42":{"start":{"line":91,"column":0},"end":{"line":91,"column":73}}},"fnMap":{"0":{"name":"(anonymous_0)","decl":{"start":{"line":4,"column":15},"end":{"line":4,"column":16}},"loc":{"start":{"line":4,"column":34},"end":{"line":20,"column":1}},"line":4},"1":{"name":"(anonymous_1)","decl":{"start":{"line":22,"column":13},"end":{"line":22,"column":14}},"loc":{"start":{"line":22,"column":21},"end":{"line":33,"column":1}},"line":22},"2":{"name":"(anonymous_2)","decl":{"start":{"line":23,"column":42},"end":{"line":23,"column":43}},"loc":{"start":{"line":23,"column":53},"end":{"line":25,"column":3}},"line":23},"3":{"name":"(anonymous_3)","decl":{"start":{"line":35,"column":16},"end":{"line":35,"column":17}},"loc":{"start":{"line":35,"column":24},"end":{"line":47,"column":1}},"line":35},"4":{"name":"(anonymous_4)","decl":{"start":{"line":37,"column":42},"end":{"line":37,"column":43}},"loc":{"start":{"line":37,"column":53},"end":{"line":39,"column":3}},"line":37},"5":{"name":"(anonymous_5)","decl":{"start":{"line":49,"column":15},"end":{"line":49,"column":16}},"loc":{"start":{"line":49,"column":23},"end":{"line":62,"column":1}},"line":49},"6":{"name":"(anonymous_6)","decl":{"start":{"line":51,"column":42},"end":{"line":51,"column":43}},"loc":{"start":{"line":51,"column":53},"end":{"line":53,"column":3}},"line":51},"7":{"name":"(anonymous_7)","decl":{"start":{"line":64,"column":12},"end":{"line":64,"column":13}},"loc":{"start":{"line":64,"column":18},"end":{"line":70,"column":1}},"line":64},"8":{"name":"(anonymous_8)","decl":{"start":{"line":72,"column":13},"end":{"line":72,"column":14}},"loc":{"start":{"line":72,"column":21},"end":{"line":84,"column":1}},"line":72},"9":{"name":"(anonymous_9)","decl":{"start":{"line":74,"column":42},"end":{"line":74,"column":43}},"loc":{"start":{"line":74,"column":53},"end":{"line":76,"column":3}},"line":74},"10":{"name":"(anonymous_10)","decl":{"start":{"line":86,"column":18},"end":{"line":86,"column":19}},"loc":{"start":{"line":86,"column":24},"end":{"line":89,"column":1}},"line":86}},"branchMap":{"0":{"loc":{"start":{"line":14,"column":2},"end":{"line":19,"column":3}},"type":"if","locations":[{"start":{"line":14,"column":2},"end":{"line":19,"column":3}},{"start":{"line":14,"column":2},"end":{"line":19,"column":3}}],"line":14},"1":{"loc":{"start":{"line":14,"column":6},"end":{"line":14,"column":21}},"type":"binary-expr","locations":[{"start":{"line":14,"column":6},"end":{"line":14,"column":10}},{"start":{"line":14,"column":14},"end":{"line":14,"column":21}}],"line":14},"2":{"loc":{"start":{"line":27,"column":2},"end":{"line":32,"column":3}},"type":"if","locations":[{"start":{"line":27,"column":2},"end":{"line":32,"column":3}},{"start":{"line":27,"column":2},"end":{"line":32,"column":3}}],"line":27},"3":{"loc":{"start":{"line":41,"column":2},"end":{"line":46,"column":3}},"type":"if","locations":[{"start":{"line":41,"column":2},"end":{"line":46,"column":3}},{"start":{"line":41,"column":2},"end":{"line":46,"column":3}}],"line":41},"4":{"loc":{"start":{"line":57,"column":2},"end":{"line":61,"column":3}},"type":"if","locations":[{"start":{"line":57,"column":2},"end":{"line":61,"column":3}},{"start":{"line":57,"column":2},"end":{"line":61,"column":3}}],"line":57},"5":{"loc":{"start":{"line":65,"column":2},"end":{"line":69,"column":3}},"type":"if","locations":[{"start":{"line":65,"column":2},"end":{"line":69,"column":3}},{"start":{"line":65,"column":2},"end":{"line":69,"column":3}}],"line":65},"6":{"loc":{"start":{"line":78,"column":2},"end":{"line":82,"column":3}},"type":"if","locations":[{"start":{"line":78,"column":2},"end":{"line":82,"column":3}},{"start":{"line":78,"column":2},"end":{"line":82,"column":3}}],"line":78},"7":{"loc":{"start":{"line":87,"column":2},"end":{"line":88,"column":23}},"type":"if","locations":[{"start":{"line":87,"column":2},"end":{"line":88,"column":23}},{"start":{"line":87,"column":2},"end":{"line":88,"column":23}}],"line":87}},"s":{"0":1,"1":1,"2":1,"3":10,"4":10,"5":9,"6":9,"7":1,"8":1,"9":2,"10":4,"11":2,"12":1,"13":1,"14":1,"15":1,"16":2,"17":6,"18":2,"19":1,"20":1,"21":1,"22":1,"23":2,"24":7,"25":2,"26":2,"27":1,"28":1,"29":1,"30":2,"31":1,"32":1,"33":1,"34":2,"35":3,"36":2,"37":1,"38":1,"39":1,"40":1,"41":1,"42":1},"f":{"0":10,"1":2,"2":4,"3":2,"4":6,"5":2,"6":7,"7":2,"8":2,"9":3,"10":1},"b":{"0":[9,1],"1":[10,9],"2":[1,1],"3":[1,1],"4":[1,1],"5":[1,1],"6":[1,1],"7":[1,0]},"_coverageSchema":"1a1c01bbd47fc00a2c39e90264f33305004495a9","hash":"307c8ec6cdf7baeccf2a85a5929f2515e2c4ce51"}
}
