TN:
SF:src/controllers/protest/index.js
FN:4,(anonymous_0)
FN:22,(anonymous_1)
FN:23,(anonymous_2)
FN:35,(anonymous_3)
FN:37,(anonymous_4)
FN:49,(anonymous_5)
FN:51,(anonymous_6)
FN:64,(anonymous_7)
FN:72,(anonymous_8)
FN:74,(anonymous_9)
FN:86,(anonymous_10)
FNF:11
FNH:11
FNDA:10,(anonymous_0)
FNDA:2,(anonymous_1)
FNDA:4,(anonymous_2)
FNDA:2,(anonymous_3)
FNDA:6,(anonymous_4)
FNDA:2,(anonymous_5)
FNDA:7,(anonymous_6)
FNDA:2,(anonymous_7)
FNDA:2,(anonymous_8)
FNDA:3,(anonymous_9)
FNDA:1,(anonymous_10)
DA:1,1
DA:2,1
DA:4,1
DA:6,10
DA:14,10
DA:15,9
DA:16,9
DA:18,1
DA:22,1
DA:23,2
DA:24,4
DA:27,2
DA:28,1
DA:29,1
DA:31,1
DA:35,1
DA:37,2
DA:38,6
DA:41,2
DA:42,1
DA:43,1
DA:45,1
DA:49,1
DA:51,2
DA:52,7
DA:55,2
DA:57,2
DA:58,1
DA:60,1
DA:64,1
DA:65,2
DA:66,1
DA:68,1
DA:72,1
DA:74,2
DA:75,3
DA:78,2
DA:79,1
DA:81,1
DA:86,1
DA:87,1
DA:88,1
DA:91,1
LF:43
LH:43
BRDA:14,0,0,9
BRDA:14,0,1,1
BRDA:14,1,0,10
BRDA:14,1,1,9
BRDA:27,2,0,1
BRDA:27,2,1,1
BRDA:41,3,0,1
BRDA:41,3,1,1
BRDA:57,4,0,1
BRDA:57,4,1,1
BRDA:65,5,0,1
BRDA:65,5,1,1
BRDA:78,6,0,1
BRDA:78,6,1,1
BRDA:87,7,0,1
BRDA:87,7,1,0
BRF:16
BRH:15
end_of_record
